
> couriralsace@1.0.0 dev
> cross-env NODE_OPTIONS=--no-deprecation next dev

 ⚠ Warning: Found multiple lockfiles. Selecting /Users/leomeyer/package-lock.json.
   Consider removing the lockfiles at:
   * /Users/leomeyer/www/couriralsace/pnpm-lock.yaml

 ⚠ Port 3000 is in use by process 1048, using available port 3001 instead.
   ▲ Next.js 15.4.11
   - Local:        http://localhost:3001
   - Network:      http://192.168.1.56:3001
   - Environments: .env

 ✓ Starting...
 ✓ Ready in 1642ms
 ○ Compiling /admin/[[...segments]] ...
 ✓ Compiled /admin/[[...segments]] in 3s (3437 modules)
[⣷] Pulling schema from database...
[2K[1G[⣯] Pulling schema from database...
[2K[1G[⣟] Pulling schema from database...
[2K[1G[⡿] Pulling schema from database...
[2K[1G[⢿] Pulling schema from database...
[2K[1G[⣻] Pulling schema from database...
[2K[1G[✓] Pulling schema from database...
[12:25:03] [33mWARN[39m: [36mNo email adapter provided. Email will be written to console. More info at https://payloadcms.com/docs/email/overview.[39m
 GET /admin 307 in 7185ms
 GET /admin/unauthorized 200 in 183ms
 ○ Compiling /api/[...slug] ...
 ✓ Compiled /api/[...slug] in 1412ms (3617 modules)
 GET /_next/static/chunks/app/(payload)/admin/%5B%5B...segments%5D%5D/chunk-USMS5YRL.js.map 404 in 1682ms
 GET /api/payload-preferences/nav 200 in 2830ms
 GET /api/users/me 200 in 2841ms
[?25h
